                                 Started job on |	Nov 11 02:34:55
                             Started mapping on |	Nov 11 02:36:37
                                    Finished on |	Nov 11 02:44:25
       Mapping speed, Million of reads per hour |	436.23

                          Number of input reads |	56709978
                      Average input read length |	201
                                    UNIQUE READS:
                   Uniquely mapped reads number |	46177111
                        Uniquely mapped reads % |	81.43%
                          Average mapped length |	200.90
                       Number of splices: Total |	29902198
            Number of splices: Annotated (sjdb) |	29876398
                       Number of splices: GT/AG |	29631934
                       Number of splices: GC/AG |	236187
                       Number of splices: AT/AC |	12394
               Number of splices: Non-canonical |	21683
                      Mismatch rate per base, % |	0.12%
                         Deletion rate per base |	0.01%
                        Deletion average length |	1.86
                        Insertion rate per base |	0.00%
                       Insertion average length |	1.28
                             MULTI-MAPPING READS:
        Number of reads mapped to multiple loci |	7305581
             % of reads mapped to multiple loci |	12.88%
        Number of reads mapped to too many loci |	133055
             % of reads mapped to too many loci |	0.23%
                                  UNMAPPED READS:
  Number of reads unmapped: too many mismatches |	0
       % of reads unmapped: too many mismatches |	0.00%
            Number of reads unmapped: too short |	2876273
                 % of reads unmapped: too short |	5.07%
                Number of reads unmapped: other |	217958
                     % of reads unmapped: other |	0.38%
                                  CHIMERIC READS:
                       Number of chimeric reads |	0
                            % of chimeric reads |	0.00%
