                                 Started job on |	Nov 11 02:14:45
                             Started mapping on |	Nov 11 02:16:30
                                    Finished on |	Nov 11 02:24:24
       Mapping speed, Million of reads per hour |	430.48

                          Number of input reads |	56679431
                      Average input read length |	201
                                    UNIQUE READS:
                   Uniquely mapped reads number |	46860370
                        Uniquely mapped reads % |	82.68%
                          Average mapped length |	200.81
                       Number of splices: Total |	31128943
            Number of splices: Annotated (sjdb) |	31103070
                       Number of splices: GT/AG |	30848081
                       Number of splices: GC/AG |	243706
                       Number of splices: AT/AC |	15129
               Number of splices: Non-canonical |	22027
                      Mismatch rate per base, % |	0.13%
                         Deletion rate per base |	0.01%
                        Deletion average length |	1.81
                        Insertion rate per base |	0.00%
                       Insertion average length |	1.24
                             MULTI-MAPPING READS:
        Number of reads mapped to multiple loci |	6561146
             % of reads mapped to multiple loci |	11.58%
        Number of reads mapped to too many loci |	105617
             % of reads mapped to too many loci |	0.19%
                                  UNMAPPED READS:
  Number of reads unmapped: too many mismatches |	0
       % of reads unmapped: too many mismatches |	0.00%
            Number of reads unmapped: too short |	2896910
                 % of reads unmapped: too short |	5.11%
                Number of reads unmapped: other |	255388
                     % of reads unmapped: other |	0.45%
                                  CHIMERIC READS:
                       Number of chimeric reads |	0
                            % of chimeric reads |	0.00%
