                                 Started job on |	Nov 11 01:56:06
                             Started mapping on |	Nov 11 01:57:48
                                    Finished on |	Nov 11 02:05:14
       Mapping speed, Million of reads per hour |	423.06

                          Number of input reads |	52412998
                      Average input read length |	201
                                    UNIQUE READS:
                   Uniquely mapped reads number |	44523154
                        Uniquely mapped reads % |	84.95%
                          Average mapped length |	200.98
                       Number of splices: Total |	27888396
            Number of splices: Annotated (sjdb) |	27859414
                       Number of splices: GT/AG |	27644384
                       Number of splices: GC/AG |	212711
                       Number of splices: AT/AC |	13409
               Number of splices: Non-canonical |	17892
                      Mismatch rate per base, % |	0.12%
                         Deletion rate per base |	0.01%
                        Deletion average length |	1.66
                        Insertion rate per base |	0.00%
                       Insertion average length |	1.23
                             MULTI-MAPPING READS:
        Number of reads mapped to multiple loci |	5896081
             % of reads mapped to multiple loci |	11.25%
        Number of reads mapped to too many loci |	102305
             % of reads mapped to too many loci |	0.20%
                                  UNMAPPED READS:
  Number of reads unmapped: too many mismatches |	0
       % of reads unmapped: too many mismatches |	0.00%
            Number of reads unmapped: too short |	1566278
                 % of reads unmapped: too short |	2.99%
                Number of reads unmapped: other |	325180
                     % of reads unmapped: other |	0.62%
                                  CHIMERIC READS:
                       Number of chimeric reads |	0
                            % of chimeric reads |	0.00%
