                                 Started job on |	Nov 11 03:24:43
                             Started mapping on |	Nov 11 03:26:25
                                    Finished on |	Nov 11 03:35:24
       Mapping speed, Million of reads per hour |	431.62

                          Number of input reads |	64622725
                      Average input read length |	201
                                    UNIQUE READS:
                   Uniquely mapped reads number |	52466365
                        Uniquely mapped reads % |	81.19%
                          Average mapped length |	200.62
                       Number of splices: Total |	33446588
            Number of splices: Annotated (sjdb) |	33400107
                       Number of splices: GT/AG |	33146634
                       Number of splices: GC/AG |	253033
                       Number of splices: AT/AC |	16715
               Number of splices: Non-canonical |	30206
                      Mismatch rate per base, % |	0.16%
                         Deletion rate per base |	0.01%
                        Deletion average length |	1.68
                        Insertion rate per base |	0.01%
                       Insertion average length |	1.28
                             MULTI-MAPPING READS:
        Number of reads mapped to multiple loci |	7335143
             % of reads mapped to multiple loci |	11.35%
        Number of reads mapped to too many loci |	109004
             % of reads mapped to too many loci |	0.17%
                                  UNMAPPED READS:
  Number of reads unmapped: too many mismatches |	0
       % of reads unmapped: too many mismatches |	0.00%
            Number of reads unmapped: too short |	4137571
                 % of reads unmapped: too short |	6.40%
                Number of reads unmapped: other |	574642
                     % of reads unmapped: other |	0.89%
                                  CHIMERIC READS:
                       Number of chimeric reads |	0
                            % of chimeric reads |	0.00%
