                                 Started job on |	Nov 11 03:35:32
                             Started mapping on |	Nov 11 03:37:08
                                    Finished on |	Nov 11 03:45:48
       Mapping speed, Million of reads per hour |	447.92

                          Number of input reads |	64699650
                      Average input read length |	201
                                    UNIQUE READS:
                   Uniquely mapped reads number |	50572028
                        Uniquely mapped reads % |	78.16%
                          Average mapped length |	200.20
                       Number of splices: Total |	29926678
            Number of splices: Annotated (sjdb) |	29876548
                       Number of splices: GT/AG |	29628031
                       Number of splices: GC/AG |	253599
                       Number of splices: AT/AC |	17366
               Number of splices: Non-canonical |	27682
                      Mismatch rate per base, % |	0.22%
                         Deletion rate per base |	0.01%
                        Deletion average length |	1.88
                        Insertion rate per base |	0.02%
                       Insertion average length |	2.83
                             MULTI-MAPPING READS:
        Number of reads mapped to multiple loci |	7811631
             % of reads mapped to multiple loci |	12.07%
        Number of reads mapped to too many loci |	95857
             % of reads mapped to too many loci |	0.15%
                                  UNMAPPED READS:
  Number of reads unmapped: too many mismatches |	0
       % of reads unmapped: too many mismatches |	0.00%
            Number of reads unmapped: too short |	6035164
                 % of reads unmapped: too short |	9.33%
                Number of reads unmapped: other |	184970
                     % of reads unmapped: other |	0.29%
                                  CHIMERIC READS:
                       Number of chimeric reads |	0
                            % of chimeric reads |	0.00%
