                                 Started job on |	Nov 11 01:27:20
                             Started mapping on |	Nov 11 01:29:04
                                    Finished on |	Nov 11 01:37:33
       Mapping speed, Million of reads per hour |	456.09

                          Number of input reads |	64485629
                      Average input read length |	201
                                    UNIQUE READS:
                   Uniquely mapped reads number |	53629669
                        Uniquely mapped reads % |	83.17%
                          Average mapped length |	200.66
                       Number of splices: Total |	30164841
            Number of splices: Annotated (sjdb) |	30119817
                       Number of splices: GT/AG |	29872583
                       Number of splices: GC/AG |	251968
                       Number of splices: AT/AC |	17291
               Number of splices: Non-canonical |	22999
                      Mismatch rate per base, % |	0.16%
                         Deletion rate per base |	0.01%
                        Deletion average length |	1.67
                        Insertion rate per base |	0.01%
                       Insertion average length |	1.54
                             MULTI-MAPPING READS:
        Number of reads mapped to multiple loci |	6521134
             % of reads mapped to multiple loci |	10.11%
        Number of reads mapped to too many loci |	105549
             % of reads mapped to too many loci |	0.16%
                                  UNMAPPED READS:
  Number of reads unmapped: too many mismatches |	0
       % of reads unmapped: too many mismatches |	0.00%
            Number of reads unmapped: too short |	4022912
                 % of reads unmapped: too short |	6.24%
                Number of reads unmapped: other |	206365
                     % of reads unmapped: other |	0.32%
                                  CHIMERIC READS:
                       Number of chimeric reads |	0
                            % of chimeric reads |	0.00%
