                                 Started job on |	Nov 10 23:58:37
                             Started mapping on |	Nov 11 00:00:36
                                    Finished on |	Nov 11 00:09:23
       Mapping speed, Million of reads per hour |	440.05

                          Number of input reads |	64418658
                      Average input read length |	201
                                    UNIQUE READS:
                   Uniquely mapped reads number |	52477494
                        Uniquely mapped reads % |	81.46%
                          Average mapped length |	200.60
                       Number of splices: Total |	30513227
            Number of splices: Annotated (sjdb) |	30465141
                       Number of splices: GT/AG |	30220101
                       Number of splices: GC/AG |	252648
                       Number of splices: AT/AC |	17364
               Number of splices: Non-canonical |	23114
                      Mismatch rate per base, % |	0.17%
                         Deletion rate per base |	0.01%
                        Deletion average length |	1.71
                        Insertion rate per base |	0.01%
                       Insertion average length |	1.26
                             MULTI-MAPPING READS:
        Number of reads mapped to multiple loci |	7068906
             % of reads mapped to multiple loci |	10.97%
        Number of reads mapped to too many loci |	102876
             % of reads mapped to too many loci |	0.16%
                                  UNMAPPED READS:
  Number of reads unmapped: too many mismatches |	0
       % of reads unmapped: too many mismatches |	0.00%
            Number of reads unmapped: too short |	4574715
                 % of reads unmapped: too short |	7.10%
                Number of reads unmapped: other |	194667
                     % of reads unmapped: other |	0.30%
                                  CHIMERIC READS:
                       Number of chimeric reads |	0
                            % of chimeric reads |	0.00%
