                                 Started job on |	Nov 11 02:24:31
                             Started mapping on |	Nov 11 02:26:36
                                    Finished on |	Nov 11 02:34:47
       Mapping speed, Million of reads per hour |	418.02

                          Number of input reads |	57012703
                      Average input read length |	201
                                    UNIQUE READS:
                   Uniquely mapped reads number |	46927525
                        Uniquely mapped reads % |	82.31%
                          Average mapped length |	200.91
                       Number of splices: Total |	31900405
            Number of splices: Annotated (sjdb) |	31875008
                       Number of splices: GT/AG |	31604810
                       Number of splices: GC/AG |	258925
                       Number of splices: AT/AC |	16909
               Number of splices: Non-canonical |	19761
                      Mismatch rate per base, % |	0.12%
                         Deletion rate per base |	0.01%
                        Deletion average length |	1.78
                        Insertion rate per base |	0.00%
                       Insertion average length |	1.23
                             MULTI-MAPPING READS:
        Number of reads mapped to multiple loci |	7240439
             % of reads mapped to multiple loci |	12.70%
        Number of reads mapped to too many loci |	130733
             % of reads mapped to too many loci |	0.23%
                                  UNMAPPED READS:
  Number of reads unmapped: too many mismatches |	0
       % of reads unmapped: too many mismatches |	0.00%
            Number of reads unmapped: too short |	2527715
                 % of reads unmapped: too short |	4.43%
                Number of reads unmapped: other |	186291
                     % of reads unmapped: other |	0.33%
                                  CHIMERIC READS:
                       Number of chimeric reads |	0
                            % of chimeric reads |	0.00%
