                                 Started job on |	Nov 10 23:40:08
                             Started mapping on |	Nov 10 23:41:52
                                    Finished on |	Nov 10 23:49:10
       Mapping speed, Million of reads per hour |	421.82

                          Number of input reads |	51321709
                      Average input read length |	201
                                    UNIQUE READS:
                   Uniquely mapped reads number |	41130069
                        Uniquely mapped reads % |	80.14%
                          Average mapped length |	200.87
                       Number of splices: Total |	28430318
            Number of splices: Annotated (sjdb) |	28411040
                       Number of splices: GT/AG |	28151135
                       Number of splices: GC/AG |	248224
                       Number of splices: AT/AC |	14518
               Number of splices: Non-canonical |	16441
                      Mismatch rate per base, % |	0.11%
                         Deletion rate per base |	0.01%
                        Deletion average length |	1.82
                        Insertion rate per base |	0.00%
                       Insertion average length |	1.25
                             MULTI-MAPPING READS:
        Number of reads mapped to multiple loci |	7177638
             % of reads mapped to multiple loci |	13.99%
        Number of reads mapped to too many loci |	98319
             % of reads mapped to too many loci |	0.19%
                                  UNMAPPED READS:
  Number of reads unmapped: too many mismatches |	0
       % of reads unmapped: too many mismatches |	0.00%
            Number of reads unmapped: too short |	2767342
                 % of reads unmapped: too short |	5.39%
                Number of reads unmapped: other |	148341
                     % of reads unmapped: other |	0.29%
                                  CHIMERIC READS:
                       Number of chimeric reads |	0
                            % of chimeric reads |	0.00%
