                                 Started job on |	Nov 11 00:59:10
                             Started mapping on |	Nov 11 01:00:51
                                    Finished on |	Nov 11 01:08:04
       Mapping speed, Million of reads per hour |	426.10

                          Number of input reads |	51250563
                      Average input read length |	201
                                    UNIQUE READS:
                   Uniquely mapped reads number |	41789782
                        Uniquely mapped reads % |	81.54%
                          Average mapped length |	200.81
                       Number of splices: Total |	26701250
            Number of splices: Annotated (sjdb) |	26671074
                       Number of splices: GT/AG |	26456913
                       Number of splices: GC/AG |	211965
                       Number of splices: AT/AC |	14283
               Number of splices: Non-canonical |	18089
                      Mismatch rate per base, % |	0.13%
                         Deletion rate per base |	0.01%
                        Deletion average length |	1.68
                        Insertion rate per base |	0.00%
                       Insertion average length |	1.24
                             MULTI-MAPPING READS:
        Number of reads mapped to multiple loci |	6543196
             % of reads mapped to multiple loci |	12.77%
        Number of reads mapped to too many loci |	94532
             % of reads mapped to too many loci |	0.18%
                                  UNMAPPED READS:
  Number of reads unmapped: too many mismatches |	0
       % of reads unmapped: too many mismatches |	0.00%
            Number of reads unmapped: too short |	2462559
                 % of reads unmapped: too short |	4.80%
                Number of reads unmapped: other |	360494
                     % of reads unmapped: other |	0.70%
                                  CHIMERIC READS:
                       Number of chimeric reads |	0
                            % of chimeric reads |	0.00%
