                                 Started job on |	Nov 11 00:28:54
                             Started mapping on |	Nov 11 00:30:59
                                    Finished on |	Nov 11 00:38:56
       Mapping speed, Million of reads per hour |	411.08

                          Number of input reads |	54468226
                      Average input read length |	201
                                    UNIQUE READS:
                   Uniquely mapped reads number |	44804476
                        Uniquely mapped reads % |	82.26%
                          Average mapped length |	200.94
                       Number of splices: Total |	30524822
            Number of splices: Annotated (sjdb) |	30494979
                       Number of splices: GT/AG |	30234380
                       Number of splices: GC/AG |	254111
                       Number of splices: AT/AC |	15970
               Number of splices: Non-canonical |	20361
                      Mismatch rate per base, % |	0.12%
                         Deletion rate per base |	0.01%
                        Deletion average length |	1.85
                        Insertion rate per base |	0.00%
                       Insertion average length |	1.24
                             MULTI-MAPPING READS:
        Number of reads mapped to multiple loci |	6995933
             % of reads mapped to multiple loci |	12.84%
        Number of reads mapped to too many loci |	108029
             % of reads mapped to too many loci |	0.20%
                                  UNMAPPED READS:
  Number of reads unmapped: too many mismatches |	0
       % of reads unmapped: too many mismatches |	0.00%
            Number of reads unmapped: too short |	2401857
                 % of reads unmapped: too short |	4.41%
                Number of reads unmapped: other |	157931
                     % of reads unmapped: other |	0.29%
                                  CHIMERIC READS:
                       Number of chimeric reads |	0
                            % of chimeric reads |	0.00%
