                                 Started job on |	Nov 10 23:49:18
                             Started mapping on |	Nov 10 23:50:58
                                    Finished on |	Nov 10 23:58:30
       Mapping speed, Million of reads per hour |	409.45

                          Number of input reads |	51408910
                      Average input read length |	201
                                    UNIQUE READS:
                   Uniquely mapped reads number |	41172577
                        Uniquely mapped reads % |	80.09%
                          Average mapped length |	200.85
                       Number of splices: Total |	29634755
            Number of splices: Annotated (sjdb) |	29615300
                       Number of splices: GT/AG |	29359986
                       Number of splices: GC/AG |	244850
                       Number of splices: AT/AC |	13686
               Number of splices: Non-canonical |	16233
                      Mismatch rate per base, % |	0.12%
                         Deletion rate per base |	0.01%
                        Deletion average length |	1.77
                        Insertion rate per base |	0.00%
                       Insertion average length |	1.23
                             MULTI-MAPPING READS:
        Number of reads mapped to multiple loci |	7579026
             % of reads mapped to multiple loci |	14.74%
        Number of reads mapped to too many loci |	90939
             % of reads mapped to too many loci |	0.18%
                                  UNMAPPED READS:
  Number of reads unmapped: too many mismatches |	0
       % of reads unmapped: too many mismatches |	0.00%
            Number of reads unmapped: too short |	2436514
                 % of reads unmapped: too short |	4.74%
                Number of reads unmapped: other |	129854
                     % of reads unmapped: other |	0.25%
                                  CHIMERIC READS:
                       Number of chimeric reads |	0
                            % of chimeric reads |	0.00%
