                                 Started job on |	Nov 10 23:11:12
                             Started mapping on |	Nov 10 23:12:59
                                    Finished on |	Nov 10 23:20:18
       Mapping speed, Million of reads per hour |	414.01

                          Number of input reads |	50486624
                      Average input read length |	201
                                    UNIQUE READS:
                   Uniquely mapped reads number |	40390367
                        Uniquely mapped reads % |	80.00%
                          Average mapped length |	200.84
                       Number of splices: Total |	26796511
            Number of splices: Annotated (sjdb) |	26770619
                       Number of splices: GT/AG |	26539243
                       Number of splices: GC/AG |	225361
                       Number of splices: AT/AC |	14128
               Number of splices: Non-canonical |	17779
                      Mismatch rate per base, % |	0.12%
                         Deletion rate per base |	0.01%
                        Deletion average length |	1.83
                        Insertion rate per base |	0.00%
                       Insertion average length |	1.24
                             MULTI-MAPPING READS:
        Number of reads mapped to multiple loci |	7213581
             % of reads mapped to multiple loci |	14.29%
        Number of reads mapped to too many loci |	97133
             % of reads mapped to too many loci |	0.19%
                                  UNMAPPED READS:
  Number of reads unmapped: too many mismatches |	0
       % of reads unmapped: too many mismatches |	0.00%
            Number of reads unmapped: too short |	2251724
                 % of reads unmapped: too short |	4.46%
                Number of reads unmapped: other |	533819
                     % of reads unmapped: other |	1.06%
                                  CHIMERIC READS:
                       Number of chimeric reads |	0
                            % of chimeric reads |	0.00%
