                                 Started job on |	Nov 10 23:29:33
                             Started mapping on |	Nov 10 23:31:08
                                    Finished on |	Nov 10 23:40:01
       Mapping speed, Million of reads per hour |	435.88

                          Number of input reads |	64535028
                      Average input read length |	201
                                    UNIQUE READS:
                   Uniquely mapped reads number |	49100593
                        Uniquely mapped reads % |	76.08%
                          Average mapped length |	200.63
                       Number of splices: Total |	28904128
            Number of splices: Annotated (sjdb) |	28862159
                       Number of splices: GT/AG |	28632225
                       Number of splices: GC/AG |	234240
                       Number of splices: AT/AC |	16672
               Number of splices: Non-canonical |	20991
                      Mismatch rate per base, % |	0.17%
                         Deletion rate per base |	0.01%
                        Deletion average length |	1.69
                        Insertion rate per base |	0.01%
                       Insertion average length |	1.46
                             MULTI-MAPPING READS:
        Number of reads mapped to multiple loci |	8462059
             % of reads mapped to multiple loci |	13.11%
        Number of reads mapped to too many loci |	126213
             % of reads mapped to too many loci |	0.20%
                                  UNMAPPED READS:
  Number of reads unmapped: too many mismatches |	0
       % of reads unmapped: too many mismatches |	0.00%
            Number of reads unmapped: too short |	5532874
                 % of reads unmapped: too short |	8.57%
                Number of reads unmapped: other |	1313289
                     % of reads unmapped: other |	2.04%
                                  CHIMERIC READS:
                       Number of chimeric reads |	0
                            % of chimeric reads |	0.00%
