                                 Started job on |	Nov 11 01:08:11
                             Started mapping on |	Nov 11 01:09:53
                                    Finished on |	Nov 11 01:17:14
       Mapping speed, Million of reads per hour |	420.36

                          Number of input reads |	51494224
                      Average input read length |	201
                                    UNIQUE READS:
                   Uniquely mapped reads number |	39122782
                        Uniquely mapped reads % |	75.98%
                          Average mapped length |	200.78
                       Number of splices: Total |	27200673
            Number of splices: Annotated (sjdb) |	27178753
                       Number of splices: GT/AG |	26968654
                       Number of splices: GC/AG |	203371
                       Number of splices: AT/AC |	11826
               Number of splices: Non-canonical |	16822
                      Mismatch rate per base, % |	0.12%
                         Deletion rate per base |	0.01%
                        Deletion average length |	1.68
                        Insertion rate per base |	0.00%
                       Insertion average length |	1.21
                             MULTI-MAPPING READS:
        Number of reads mapped to multiple loci |	6536581
             % of reads mapped to multiple loci |	12.69%
        Number of reads mapped to too many loci |	106393
             % of reads mapped to too many loci |	0.21%
                                  UNMAPPED READS:
  Number of reads unmapped: too many mismatches |	0
       % of reads unmapped: too many mismatches |	0.00%
            Number of reads unmapped: too short |	4460620
                 % of reads unmapped: too short |	8.66%
                Number of reads unmapped: other |	1267848
                     % of reads unmapped: other |	2.46%
                                  CHIMERIC READS:
                       Number of chimeric reads |	0
                            % of chimeric reads |	0.00%
